2025-10-28 02:18:09 | Server starting up...
2025-10-28 02:18:09 | Server started. Listening on port 8080
2025-10-28 02:18:24 | Client connected: /127.0.0.1
2025-10-28 02:18:24 | Sent: Hello, client!
2025-10-28 02:18:24 | Sent: Please provide the password:
2025-10-28 02:18:27 | Received: admin123
2025-10-28 02:18:27 | Sent: PASSED
2025-10-28 02:18:27 | Password accepted
2025-10-28 02:18:27 | Sent: Welcome! You are now authenticated.
2025-10-28 02:18:27 | Received: null
2025-10-28 02:18:27 | Client session ended
2025-10-28 02:18:27 | Server has shut down
2025-10-28 02:20:04 | Server starting up...
2025-10-28 02:20:04 | Server started. Listening on port 8080
2025-10-28 02:20:07 | Client connected: /127.0.0.1
2025-10-28 02:20:07 | Sent: Hello, client!
2025-10-28 02:20:07 | Sent: Please provide the password:
2025-10-28 02:20:10 | Received: admin123
2025-10-28 02:20:10 | Sent: PASSED
2025-10-28 02:20:10 | Password accepted
2025-10-28 02:20:10 | Sent: Welcome! You are now authenticated.
2025-10-28 02:20:10 | Received: null
2025-10-28 02:20:10 | Client session ended
2025-10-28 02:20:10 | Server has shut down
2025-10-28 02:20:10 | Sent: Server is shutting down. Goodbye!
2025-10-28 02:20:37 | Server starting up...
2025-10-28 02:20:37 | Server started. Listening on port 8080
2025-10-28 02:20:38 | Client connected: /127.0.0.1
2025-10-28 02:20:38 | Sent: Hello, client!
2025-10-28 02:20:38 | Sent: Please provide the password:
2025-10-28 02:20:40 | Received: admin123
2025-10-28 02:20:40 | Sent: PASSED
2025-10-28 02:20:40 | Password accepted
2025-10-28 02:20:40 | Sent: Welcome! You are now authenticated.
2025-10-28 02:20:40 | Received: null
2025-10-28 02:20:40 | Client session ended
2025-10-28 02:20:40 | Server has shut down
2025-10-28 02:20:40 | Sent: Server is shutting down. Goodbye!
2025-10-28 02:21:47 | Server starting up...
2025-10-28 02:21:47 | Server started. Listening on port 8080
2025-10-28 02:21:49 | Client connected: /127.0.0.1
2025-10-28 02:21:49 | Sent: Hello, client!
2025-10-28 02:21:49 | Sent: Please provide the password:
2025-10-28 02:21:51 | Received: admin123
2025-10-28 02:21:51 | Sent: PASSED
2025-10-28 02:21:51 | Password accepted
2025-10-28 02:21:51 | Sent: Welcome! You are now authenticated.
2025-10-28 02:21:56 | Received: 123
2025-10-28 02:21:56 | Sent: Echo: 123
2025-10-28 02:21:58 | Received: 12354
2025-10-28 02:21:58 | Sent: Echo: 12354
2025-10-28 02:23:42 | Server starting up...
2025-10-28 02:23:42 | Server started. Listening on port 8080
2025-10-28 02:23:44 | Client connected: /127.0.0.1
2025-10-28 02:25:04 | Server starting up...
2025-10-28 02:25:04 | Server started. Listening on port 8080
2025-10-28 02:25:08 | Client connected: /127.0.0.1
2025-10-28 02:25:08 | Sent: Hello, client!
2025-10-28 02:25:08 | Sent: Please provide the password:
2025-10-28 02:25:11 | Received: admin123
2025-10-28 02:25:11 | Sent: PASSED
2025-10-28 02:25:11 | Password accepted
2025-10-28 02:25:11 | Sent: Welcome! You are now authenticated.
2025-10-28 02:28:20 | Server starting up...
2025-10-28 02:28:20 | Server started. Listening on port 8080
2025-10-28 02:28:21 | Client connected: /127.0.0.1
2025-10-28 02:28:21 | Sent: Hello, client!
2025-10-28 02:28:21 | Sent: REQUEST_PASSWORD
2025-10-28 02:28:36 | Server starting up...
2025-10-28 02:28:36 | Server started. Listening on port 8080
2025-10-28 02:28:37 | Client connected: /127.0.0.1
2025-10-28 02:28:37 | Sent: Hello, client!
2025-10-28 02:28:37 | Sent: REQUEST_PASSWORD
2025-10-28 02:30:22 | Server starting up...
2025-10-28 02:30:22 | Server started. Listening on port 8080
2025-10-28 02:30:23 | Client connected: /127.0.0.1
2025-10-28 02:30:23 | Sent: Hello, client!
2025-10-28 02:30:23 | Sent: REQUEST_PASSWORD
2025-10-28 02:30:26 | Received: admin123
2025-10-28 02:30:26 | Sent: PASSED
2025-10-28 02:30:26 | Password accepted
2025-10-28 02:30:26 | Sent: Welcome! You are now authenticated.
2025-10-28 02:30:32 | Received: dwa
2025-10-28 02:30:32 | Sent: Echo: dwa
2025-10-28 02:30:33 | Received: dwa
2025-10-28 02:30:33 | Sent: Echo: dwa
2025-10-28 02:30:33 | Received: 
2025-10-28 02:30:33 | Sent: Echo: 
2025-10-28 02:30:33 | Received: 
2025-10-28 02:30:33 | Sent: Echo: 
2025-10-28 02:30:33 | Received: 
2025-10-28 02:30:33 | Sent: Echo: 
2025-10-28 02:30:34 | Received: dwa
2025-10-28 02:30:34 | Sent: Echo: dwa
2025-10-28 02:30:34 | Received: 
2025-10-28 02:30:34 | Sent: Echo: 
2025-10-28 02:30:35 | Received: dwasdwda
2025-10-28 02:30:35 | Sent: Echo: dwasdwda
2025-10-28 02:30:35 | Received: dwadsd
2025-10-28 02:30:35 | Sent: Echo: dwadsd
2025-10-28 02:32:37 | Server starting up...
2025-10-28 02:32:37 | Server started. Listening on port 8080
2025-10-28 02:32:40 | Client connected: /127.0.0.1
2025-10-28 02:32:40 | Sent: Hello, client!
2025-10-28 02:32:40 | Sent: REQUEST_PASSWORD
2025-10-28 02:32:46 | Received: admin123
2025-10-28 02:32:46 | Sent: PASSED
2025-10-28 02:32:46 | Password accepted
2025-10-28 02:32:46 | Sent: Welcome! You are now authenticated.
2025-10-28 02:32:46 | Received: wda
2025-10-28 02:32:46 | Sent: Echo: wda
2025-10-28 02:32:47 | Received: wda
2025-10-28 02:32:47 | Sent: Echo: wda
2025-10-28 02:32:47 | Received: dwa
2025-10-28 02:32:47 | Sent: Echo: dwa
2025-10-28 02:32:47 | Received: s
2025-10-28 02:32:47 | Sent: Echo: s
2025-10-28 02:32:48 | Received: d
2025-10-28 02:32:48 | Sent: Echo: d
2025-10-28 02:32:54 | Received: Helo
2025-10-28 02:32:54 | Sent: Echo: Helo
2025-10-28 02:32:55 | Received: null
2025-10-28 02:32:55 | Client session ended
2025-10-28 02:32:55 | Server has shut down
2025-10-28 02:32:55 | Sent: Server is shutting down. Goodbye!
